[debug] [2023-07-02T14:08:03.609Z] ----------------------------------------------------------------------
[debug] [2023-07-02T14:08:03.610Z] Command:       C:\Program Files\nodejs\node.exe C:\Users\Main User\AppData\Roaming\npm\node_modules\firebase-tools\lib\bin\firebase.js serve
[debug] [2023-07-02T14:08:03.611Z] CLI Version:   12.4.2
[debug] [2023-07-02T14:08:03.611Z] Platform:      win32
[debug] [2023-07-02T14:08:03.611Z] Node Version:  v18.16.0
[debug] [2023-07-02T14:08:03.612Z] Time:          Sun Jul 02 2023 10:08:03 GMT-0400 (Eastern Daylight Time)
[debug] [2023-07-02T14:08:03.612Z] ----------------------------------------------------------------------
[debug] 
[debug] [2023-07-02T14:08:03.710Z] > command requires scopes: ["email","openid","https://www.googleapis.com/auth/cloudplatformprojects.readonly","https://www.googleapis.com/auth/firebase","https://www.googleapis.com/auth/cloud-platform"]
[debug] [2023-07-02T14:08:03.710Z] > authorizing via signed-in user (lukehartman123@gmail.com)
[debug] [2023-07-02T14:08:03.710Z] [iam] checking project toptopic-1033d for permissions ["firebase.projects.get"]
[debug] [2023-07-02T14:08:03.712Z] >>> [apiv2][query] POST https://cloudresourcemanager.googleapis.com/v1/projects/toptopic-1033d:testIamPermissions [none]
[debug] [2023-07-02T14:08:03.712Z] >>> [apiv2][(partial)header] POST https://cloudresourcemanager.googleapis.com/v1/projects/toptopic-1033d:testIamPermissions x-goog-quota-user=projects/toptopic-1033d
[debug] [2023-07-02T14:08:03.712Z] >>> [apiv2][body] POST https://cloudresourcemanager.googleapis.com/v1/projects/toptopic-1033d:testIamPermissions {"permissions":["firebase.projects.get"]}
[debug] [2023-07-02T14:08:03.847Z] <<< [apiv2][status] POST https://cloudresourcemanager.googleapis.com/v1/projects/toptopic-1033d:testIamPermissions 200
[debug] [2023-07-02T14:08:03.848Z] <<< [apiv2][body] POST https://cloudresourcemanager.googleapis.com/v1/projects/toptopic-1033d:testIamPermissions {"permissions":["firebase.projects.get"]}
[debug] [2023-07-02T14:08:03.849Z] >>> [apiv2][query] GET https://firebase.googleapis.com/v1beta1/projects/toptopic-1033d [none]
[debug] [2023-07-02T14:08:04.174Z] <<< [apiv2][status] GET https://firebase.googleapis.com/v1beta1/projects/toptopic-1033d 200
[debug] [2023-07-02T14:08:04.174Z] <<< [apiv2][body] GET https://firebase.googleapis.com/v1beta1/projects/toptopic-1033d {"projectId":"toptopic-1033d","projectNumber":"290977021616","displayName":"TopTopic","name":"projects/toptopic-1033d","resources":{"hostingSite":"toptopic-1033d"},"state":"ACTIVE","etag":"1_2d2bc451-92ed-4b9b-bf59-8c611fdce97e"}
[info] 
[info] === Serving from 'C:\Users\Main User\Desktop\Projects\toptopic'...
[info] 
[debug] [2023-07-02T14:08:04.178Z] >>> [apiv2][query] GET https://firebase.googleapis.com/v1beta1/projects/toptopic-1033d [none]
[debug] [2023-07-02T14:08:04.477Z] <<< [apiv2][status] GET https://firebase.googleapis.com/v1beta1/projects/toptopic-1033d 200
[debug] [2023-07-02T14:08:04.477Z] <<< [apiv2][body] GET https://firebase.googleapis.com/v1beta1/projects/toptopic-1033d {"projectId":"toptopic-1033d","projectNumber":"290977021616","displayName":"TopTopic","name":"projects/toptopic-1033d","resources":{"hostingSite":"toptopic-1033d"},"state":"ACTIVE","etag":"1_2d2bc451-92ed-4b9b-bf59-8c611fdce97e"}
[debug] [2023-07-02T14:08:09.058Z] >>> [apiv2][query] GET https://firebasehosting.googleapis.com/v1beta1/projects/toptopic-1033d/sites pageToken=&pageSize=10
[debug] [2023-07-02T14:08:09.465Z] <<< [apiv2][status] GET https://firebasehosting.googleapis.com/v1beta1/projects/toptopic-1033d/sites 200
[debug] [2023-07-02T14:08:09.465Z] <<< [apiv2][body] GET https://firebasehosting.googleapis.com/v1beta1/projects/toptopic-1033d/sites {"sites":[{"name":"projects/toptopic-1033d/sites/toptopic-1033d","defaultUrl":"https://toptopic-1033d.web.app","appId":"1:290977021616:web:77611b003c93a7713f0575","type":"DEFAULT_SITE"}]}
[debug] [2023-07-02T14:08:09.466Z] >>> [apiv2][query] GET https://firebase.googleapis.com/v1beta1/projects/-/webApps/1:290977021616:web:77611b003c93a7713f0575/config [none]
[debug] [2023-07-02T14:08:09.965Z] <<< [apiv2][status] GET https://firebase.googleapis.com/v1beta1/projects/-/webApps/1:290977021616:web:77611b003c93a7713f0575/config 200
[debug] [2023-07-02T14:08:09.965Z] <<< [apiv2][body] GET https://firebase.googleapis.com/v1beta1/projects/-/webApps/1:290977021616:web:77611b003c93a7713f0575/config {"projectId":"toptopic-1033d","appId":"1:290977021616:web:77611b003c93a7713f0575","storageBucket":"toptopic-1033d.appspot.com","apiKey":"AIzaSyCUpUe020GuVG7E7qw9L1wVO9PeCCFmkOw","authDomain":"toptopic-1033d.firebaseapp.com","messagingSenderId":"290977021616","measurementId":"G-0DZXZS0LXS"}
[info] 
   Thank you for trying our experimental support for SvelteKit on Firebase Hosting.
   While this integration is maintained by Googlers it is not a supported Firebase product.
   Issues filed on GitHub will be addressed on a best-effort basis by maintainers and other community members.

   Documentation: https://firebase.google.com/docs/hosting/frameworks/frameworks-overview
   File a bug: https://github.com/firebase/firebase-tools/issues/new?template=bug_report.md
   Submit a feature request: https://github.com/firebase/firebase-tools/issues/new?template=feature_request.md

   We'd love to learn from you. Express your interest in helping us shape the future of Firebase Hosting: https://goo.gle/41enW5X

